2022.08.04 14:46:55 INFO  tracing is disabled for protocol LSP, to enable tracing of incoming and outgoing JSON messages create an empty file at /Users/sam_hession/Code/status-app/.metals/lsp.trace.json or /Users/sam_hession/Library/Caches/org.scalameta.metals/lsp.trace.json[0m
2022.08.04 14:46:55 INFO  logging to file /Users/sam_hession/Code/status-app/.metals/metals.log[0m
2022.08.04 14:46:55 INFO  Started: Metals version 0.11.7 in workspace '/Users/sam_hession/Code/status-app' for client Visual Studio Code 1.69.2.[0m
2022.08.04 14:46:56 INFO  time: initialize in 0.62s[0m
2022.08.04 14:46:56 WARN  Flyway upgrade recommended: H2 2.1.214 is newer than this version of Flyway and support has not been tested. The latest supported version of H2 is 2.1.210.[0m
2022.08.04 14:46:56 WARN  Build server is not auto-connectable.[0m
2022.08.04 17:12:47 INFO  shutting down Metals[0m
2022.08.04 17:12:47 ERROR Unexpected error initializing serverorg.eclipse.lsp4j.jsonrpc.ResponseErrorException: Request window/showMessageRequest failed with message: Canceled
	at org.eclipse.lsp4j.jsonrpc.RemoteEndpoint.handleResponse(RemoteEndpoint.java:209)
	at org.eclipse.lsp4j.jsonrpc.RemoteEndpoint.consume(RemoteEndpoint.java:193)
	at org.eclipse.lsp4j.jsonrpc.json.StreamMessageProducer.handleMessage(StreamMessageProducer.java:194)
	at org.eclipse.lsp4j.jsonrpc.json.StreamMessageProducer.listen(StreamMessageProducer.java:94)
	at org.eclipse.lsp4j.jsonrpc.json.ConcurrentMessageProcessor.run(ConcurrentMessageProcessor.java:113)
	at java.util.concurrent.Executors$RunnableAdapter.call(Executors.java:511)
	at java.util.concurrent.FutureTask.run(FutureTask.java:266)
	at java.util.concurrent.ThreadPoolExecutor.runWorker(ThreadPoolExecutor.java:1149)
	at java.util.concurrent.ThreadPoolExecutor$Worker.run(ThreadPoolExecutor.java:624)
	at java.lang.Thread.run(Thread.java:748)
[0m
2022.08.05 08:54:58 INFO  tracing is disabled for protocol LSP, to enable tracing of incoming and outgoing JSON messages create an empty file at /Users/sam_hession/Code/status-app/.metals/lsp.trace.json or /Users/sam_hession/Library/Caches/org.scalameta.metals/lsp.trace.json
2022.08.05 08:54:58 INFO  logging to file /Users/sam_hession/Code/status-app/.metals/metals.log
2022.08.05 08:54:58 INFO  Started: Metals version 0.11.7 in workspace '/Users/sam_hession/Code/status-app' for client Visual Studio Code 1.69.2.
2022.08.05 08:55:00 INFO  time: initialize in 1.23s
2022.08.05 08:55:00 WARN  Flyway upgrade recommended: H2 2.1.214 is newer than this version of Flyway and support has not been tested. The latest supported version of H2 is 2.1.210.
2022.08.05 08:55:01 WARN  Build server is not auto-connectable.
2022.08.05 08:55:01 INFO  skipping build import with status 'Requested'
2022.08.05 17:08:05 INFO  shutting down Metals
2022.08.09 08:53:14 INFO  tracing is disabled for protocol LSP, to enable tracing of incoming and outgoing JSON messages create an empty file at /Users/sam_hession/Code/status-app/.metals/lsp.trace.json or /Users/sam_hession/Library/Caches/org.scalameta.metals/lsp.trace.json
2022.08.09 08:53:15 INFO  logging to file /Users/sam_hession/Code/status-app/.metals/metals.log
2022.08.09 08:53:15 INFO  Started: Metals version 0.11.7 in workspace '/Users/sam_hession/Code/status-app' for client Visual Studio Code 1.70.0.
2022.08.09 08:53:17 INFO  time: initialize in 1.69s
2022.08.09 08:53:17 WARN  Flyway upgrade recommended: H2 2.1.214 is newer than this version of Flyway and support has not been tested. The latest supported version of H2 is 2.1.210.
2022.08.09 08:53:17 WARN  Build server is not auto-connectable.
2022.08.09 08:53:18 INFO  skipping build import with status 'Requested'
2022.08.09 17:40:50 INFO  shutting down Metals
2022.08.19 08:56:43 INFO  tracing is disabled for protocol LSP, to enable tracing of incoming and outgoing JSON messages create an empty file at /Users/sam_hession/Code/status-app/.metals/lsp.trace.json or /Users/sam_hession/Library/Caches/org.scalameta.metals/lsp.trace.json
2022.08.19 08:56:45 INFO  logging to file /Users/sam_hession/Code/status-app/.metals/metals.log
2022.08.19 08:56:45 INFO  Started: Metals version 0.11.7 in workspace '/Users/sam_hession/Code/status-app' for client Visual Studio Code 1.70.0.
2022.08.19 08:56:48 INFO  time: initialize in 3.17s
2022.08.19 08:56:50 WARN  Flyway upgrade recommended: H2 2.1.214 is newer than this version of Flyway and support has not been tested. The latest supported version of H2 is 2.1.210.
2022.08.19 08:56:50 WARN  Build server is not auto-connectable.
2022.08.19 08:56:50 INFO  skipping build import with status 'Requested'
2022.08.19 17:07:00 INFO  shutting down Metals
2022.08.22 08:59:30 INFO  tracing is disabled for protocol LSP, to enable tracing of incoming and outgoing JSON messages create an empty file at /Users/sam_hession/Code/status-app/.metals/lsp.trace.json or /Users/sam_hession/Library/Caches/org.scalameta.metals/lsp.trace.json
2022.08.22 08:59:31 INFO  logging to file /Users/sam_hession/Code/status-app/.metals/metals.log
2022.08.22 08:59:31 INFO  Started: Metals version 0.11.8 in workspace '/Users/sam_hession/Code/status-app' for client Visual Studio Code 1.70.2.
2022.08.22 08:59:33 WARN  Flyway upgrade recommended: H2 2.1.214 is newer than this version of Flyway and support has not been tested. The latest supported version of H2 is 2.1.210.
2022.08.22 08:59:34 INFO  time: initialize in 3.01s
2022.08.22 08:59:34 WARN  Build server is not auto-connectable.
2022.08.22 08:59:34 INFO  skipping build import with status 'Requested'
2022.08.22 13:34:28 INFO  shutting down Metals
2022.08.24 08:55:38 INFO  tracing is disabled for protocol LSP, to enable tracing of incoming and outgoing JSON messages create an empty file at /Users/sam_hession/Code/status-app/.metals/lsp.trace.json or /Users/sam_hession/Library/Caches/org.scalameta.metals/lsp.trace.json
2022.08.24 08:55:40 INFO  logging to file /Users/sam_hession/Code/status-app/.metals/metals.log
2022.08.24 08:55:40 INFO  Started: Metals version 0.11.8 in workspace '/Users/sam_hession/Code/status-app' for client Visual Studio Code 1.70.2.
2022.08.24 08:55:45 WARN  Flyway upgrade recommended: H2 2.1.214 is newer than this version of Flyway and support has not been tested. The latest supported version of H2 is 2.1.210.
2022.08.24 08:55:46 INFO  time: initialize in 5.61s
2022.08.24 08:55:47 WARN  Build server is not auto-connectable.
2022.08.24 08:55:47 INFO  skipping build import with status 'Requested'
2022.08.24 09:51:19 INFO  shutting down Metals
2022.08.30 09:01:40 INFO  tracing is disabled for protocol LSP, to enable tracing of incoming and outgoing JSON messages create an empty file at /Users/sam_hession/Code/status-app/.metals/lsp.trace.json or /Users/sam_hession/Library/Caches/org.scalameta.metals/lsp.trace.json
2022.08.30 09:01:42 INFO  logging to file /Users/sam_hession/Code/status-app/.metals/metals.log
2022.08.30 09:01:42 INFO  Started: Metals version 0.11.8 in workspace '/Users/sam_hession/Code/status-app' for client Visual Studio Code 1.70.2.
2022.08.30 09:01:43 WARN  Flyway upgrade recommended: H2 2.1.214 is newer than this version of Flyway and support has not been tested. The latest supported version of H2 is 2.1.210.
2022.08.30 09:01:44 INFO  time: initialize in 2.44s
2022.08.30 09:01:45 WARN  Build server is not auto-connectable.
2022.08.30 09:01:44 INFO  skipping build import with status 'Requested'
2022.08.30 09:06:55 INFO  shutting down Metals
2022.09.06 15:16:37 INFO  tracing is disabled for protocol LSP, to enable tracing of incoming and outgoing JSON messages create an empty file at /Users/sam_hession/Code/status-app/.metals/lsp.trace.json or /Users/sam_hession/Library/Caches/org.scalameta.metals/lsp.trace.json
2022.09.06 15:16:38 INFO  logging to file /Users/sam_hession/Code/status-app/.metals/metals.log
2022.09.06 15:16:38 INFO  Started: Metals version 0.11.8 in workspace '/Users/sam_hession/Code/status-app' for client Visual Studio Code 1.70.2.
2022.09.06 15:16:40 WARN  Flyway upgrade recommended: H2 2.1.214 is newer than this version of Flyway and support has not been tested. The latest supported version of H2 is 2.1.210.
2022.09.06 15:16:40 INFO  time: initialize in 2.11s
2023.03.30 15:50:55 INFO  tracing is disabled for protocol LSP, to enable tracing of incoming and outgoing JSON messages create an empty file at /Users/Sam_Hession/Code/status-app/.metals/lsp.trace.json or /Users/Sam_Hession/Library/Caches/org.scalameta.metals/lsp.trace.json[0m
2023.03.30 15:50:56 INFO  logging to file /Users/Sam_Hession/Code/status-app/.metals/metals.log[0m
2023.03.30 15:50:56 INFO  Started: Metals version 0.11.10 in workspace '/Users/Sam_Hession/Code/status-app' for client Visual Studio Code 1.75.1.[0m
SLF4J: No SLF4J providers were found.
SLF4J: Defaulting to no-operation (NOP) logger implementation
SLF4J: See https://www.slf4j.org/codes.html#noProviders for further details.
SLF4J: Class path contains SLF4J bindings targeting slf4j-api versions 1.7.x or earlier.
SLF4J: Ignoring binding found at [jar:file:/Users/Sam_Hession/Library/Caches/Coursier/v1/https/repo1.maven.org/maven2/com/outr/scribe-slf4j_2.13/3.10.5/scribe-slf4j_2.13-3.10.5.jar!/org/slf4j/impl/StaticLoggerBinder.class]
SLF4J: See https://www.slf4j.org/codes.html#ignoredBindings for an explanation.
2023.03.30 15:50:57 INFO  time: initialize in 0.95s[0m
2023.03.30 15:50:57 WARN  Build server is not auto-connectable.[0m
2023.03.30 16:17:54 WARN  no build target for: /Users/Sam_Hession/Code/status-app/build.sbt[0m
2023.03.30 16:17:56 INFO  no build target found for /Users/Sam_Hession/Code/status-app/build.sbt. Using presentation compiler with project's scala-library version: 3.2.1[0m
2023.03.30 16:17:57 INFO  time: code lens generation in 2.6s[0m
2023.03.30 16:17:57 INFO  time: code lens generation in 2.05s[0m
2023.03.30 16:18:05 WARN  no build target for: /Users/Sam_Hession/Code/status-app/project/plugins.sbt[0m
2023.03.30 16:18:11 WARN  no build target for: /Users/Sam_Hession/Code/status-app/project/plugins.sbt[0m
2023.03.30 16:18:46 WARN  no build target for: /Users/Sam_Hession/Code/status-app/project/plugins.sbt[0m
2023.03.30 16:19:32 INFO  skipping build import with status 'Dismissed'[0m
2023.03.30 16:35:00 WARN  no build target for: /Users/Sam_Hession/Code/status-app/build.sbt[0m
2023.03.30 16:44:10 WARN  no build target for: /Users/Sam_Hession/Code/status-app/app/lib/Config.scala[0m
2023.03.30 16:45:46 WARN  no build target for: /Users/Sam_Hession/Code/status-app/app/wiring/AppLoader.scala[0m
2023.03.30 16:46:14 WARN  no build target for: /Users/Sam_Hession/Code/status-app/app/lib/Config.scala[0m
2023.03.30 16:57:50 WARN  no build target for: /Users/Sam_Hession/Code/status-app/build.sbt[0m
2023.03.30 16:57:50 INFO  skipping build import with status 'Dismissed'[0m
2023.03.30 16:59:11 WARN  no build target for: /Users/Sam_Hession/Code/status-app/build.sbt[0m
2023.03.30 17:01:19 WARN  no build target for: /Users/Sam_Hession/Code/status-app/build.sbt[0m
2023.03.30 17:03:35 WARN  no build target for: /Users/Sam_Hession/Code/status-app/project/plugins.sbt[0m
2023.03.30 17:05:30 WARN  no build target for: /Users/Sam_Hession/Code/status-app/project/plugins.sbt[0m
2023.03.30 17:05:30 INFO  skipping build import with status 'Dismissed'[0m
2023.03.30 17:06:27 WARN  no build target for: /Users/Sam_Hession/Code/status-app/project/plugins.sbt[0m
2023.03.30 17:06:29 WARN  no build target for: /Users/Sam_Hession/Code/status-app/project/plugins.sbt[0m
2023.03.30 17:06:29 INFO  skipping build import with status 'Dismissed'[0m
2023.03.30 17:07:22 WARN  no build target for: /Users/Sam_Hession/Code/status-app/build.sbt[0m
2023.03.30 17:07:22 INFO  skipping build import with status 'Dismissed'[0m
2023.03.30 17:08:07 WARN  no build target for: /Users/Sam_Hession/Code/status-app/build.sbt[0m
2023.03.30 17:08:07 INFO  skipping build import with status 'Dismissed'[0m
2023.03.30 17:09:35 WARN  no build target for: /Users/Sam_Hession/Code/status-app/build.sbt[0m
2023.03.30 17:10:22 WARN  no build target for: /Users/Sam_Hession/Code/status-app/project/plugins.sbt[0m
2023.03.30 17:10:22 INFO  skipping build import with status 'Dismissed'[0m
Mar 30, 2023 5:12:15 PM org.eclipse.lsp4j.jsonrpc.RemoteEndpoint handleCancellation
WARNING: Unmatched cancel notification for request id 456
2023.03.30 17:12:19 WARN  no build target for: /Users/Sam_Hession/Code/status-app/build.sbt[0m
2023.03.30 17:12:38 WARN  no build target for: /Users/Sam_Hession/Code/status-app/build.sbt[0m
2023.03.30 17:12:38 INFO  skipping build import with status 'Dismissed'[0m
2023.03.30 17:13:59 WARN  no build target for: /Users/Sam_Hession/Code/status-app/project/plugins.sbt[0m
2023.03.30 17:16:21 INFO  skipping build import with status 'Dismissed'[0m
2023.03.30 17:16:50 INFO  skipping build import with status 'Dismissed'[0m
2023.03.30 17:17:42 WARN  no build target for: /Users/Sam_Hession/Code/status-app/build.sbt[0m
2023.03.30 17:20:39 INFO  shutting down Metals[0m
2023.03.31 08:49:20 INFO  Started: Metals version 0.11.11 in workspace '/Users/Sam_Hession/Code/status-app' for client Visual Studio Code 1.76.2.
SLF4J: No SLF4J providers were found.
SLF4J: Defaulting to no-operation (NOP) logger implementation
SLF4J: See https://www.slf4j.org/codes.html#noProviders for further details.
SLF4J: Class path contains SLF4J bindings targeting slf4j-api versions 1.7.x or earlier.
SLF4J: Ignoring binding found at [jar:file:/Users/Sam_Hession/Library/Caches/Coursier/v1/https/repo1.maven.org/maven2/com/outr/scribe-slf4j_2.13/3.11.0/scribe-slf4j_2.13-3.11.0.jar!/org/slf4j/impl/StaticLoggerBinder.class]
SLF4J: See https://www.slf4j.org/codes.html#ignoredBindings for an explanation.
2023.03.31 08:49:21 INFO  time: initialize in 0.88s
2023.03.31 08:49:22 WARN  Build server is not auto-connectable.Mar 31, 2023 8:49:22 AM org.eclipse.lsp4j.jsonrpc.RemoteEndpoint handleCancellation
WARNING: Unmatched cancel notification for request id 1

2023.03.31 08:49:22 WARN  no build target for: /Users/Sam_Hession/Code/status-app/build.sbt
2023.03.31 08:49:27 INFO  no build target found for /Users/Sam_Hession/Code/status-app/build.sbt. Using presentation compiler with project's scala-library version: 3.2.2
2023.03.31 16:59:19 INFO  Shutting down server
2023.03.31 16:59:19 INFO  shutting down Metals
2023.03.31 16:59:19 INFO  Exiting server
2023.04.03 09:00:13 INFO  Started: Metals version 0.11.11 in workspace '/Users/Sam_Hession/Code/status-app' for client Visual Studio Code 1.77.0.
SLF4J: No SLF4J providers were found.
SLF4J: Defaulting to no-operation (NOP) logger implementation
SLF4J: See https://www.slf4j.org/codes.html#noProviders for further details.
SLF4J: Class path contains SLF4J bindings targeting slf4j-api versions 1.7.x or earlier.
SLF4J: Ignoring binding found at [jar:file:/Users/Sam_Hession/Library/Caches/Coursier/v1/https/repo1.maven.org/maven2/com/outr/scribe-slf4j_2.13/3.11.0/scribe-slf4j_2.13-3.11.0.jar!/org/slf4j/impl/StaticLoggerBinder.class]
SLF4J: See https://www.slf4j.org/codes.html#ignoredBindings for an explanation.
2023.04.03 09:00:14 INFO  time: initialize in 0.6s
2023.04.03 09:00:15 WARN  Build server is not auto-connectable.
2023.04.03 18:37:37 INFO  Shutting down server
2023.04.03 18:37:37 INFO  shutting down Metals
2023.04.03 18:37:37 INFO  Exiting server
2023.04.04 08:57:21 INFO  Started: Metals version 0.11.11 in workspace '/Users/Sam_Hession/Code/status-app' for client Visual Studio Code 1.77.0.
SLF4J: No SLF4J providers were found.
SLF4J: Defaulting to no-operation (NOP) logger implementation
SLF4J: See https://www.slf4j.org/codes.html#noProviders for further details.
SLF4J: Class path contains SLF4J bindings targeting slf4j-api versions 1.7.x or earlier.
SLF4J: Ignoring binding found at [jar:file:/Users/Sam_Hession/Library/Caches/Coursier/v1/https/repo1.maven.org/maven2/com/outr/scribe-slf4j_2.13/3.11.0/scribe-slf4j_2.13-3.11.0.jar!/org/slf4j/impl/StaticLoggerBinder.class]
SLF4J: See https://www.slf4j.org/codes.html#ignoredBindings for an explanation.
2023.04.04 08:57:22 INFO  time: initialize in 0.92s
2023.04.04 08:57:23 WARN  Build server is not auto-connectable.
2023.04.04 10:00:34 INFO  Shutting down server
2023.04.04 10:00:34 INFO  shutting down Metals
2023.04.04 10:00:34 INFO  Exiting server
